<?xml version="1.0" encoding="UTF-8"?>
<testng-results ignored="0" total="1" passed="1" failed="0" skipped="0">
  <reporter-output>
  </reporter-output>
  <suite started-at="2025-05-30T15:54:45 IST" name="Default suite" finished-at="2025-05-30T15:56:05 IST" duration-ms="79604">
    <groups>
    </groups>
    <test started-at="2025-05-30T15:54:45 IST" name="Default test" finished-at="2025-05-30T15:56:05 IST" duration-ms="79604">
      <class name="MobileBrowserTesting.MobileBrowserTest">
        <test-method is-config="true" signature="ConfigureAppium()[pri:0, instance:MobileBrowserTesting.MobileBrowserTest@2aceadd4]" started-at="2025-05-30T15:54:45 IST" name="ConfigureAppium" finished-at="2025-05-30T15:55:48 IST" duration-ms="62768" status="PASS">
          <reporter-output>
          </reporter-output>
        </test-method> <!-- ConfigureAppium -->
        <test-method signature="browserTest()[pri:0, instance:MobileBrowserTesting.MobileBrowserTest@2aceadd4]" started-at="2025-05-30T15:55:48 IST" name="browserTest" finished-at="2025-05-30T15:56:00 IST" duration-ms="12201" status="PASS">
          <reporter-output>
          </reporter-output>
        </test-method> <!-- browserTest -->
        <test-method is-config="true" signature="teardown()[pri:0, instance:MobileBrowserTesting.MobileBrowserTest@2aceadd4]" started-at="2025-05-30T15:56:00 IST" name="teardown" finished-at="2025-05-30T15:56:05 IST" duration-ms="4447" status="PASS">
          <reporter-output>
          </reporter-output>
        </test-method> <!-- teardown -->
      </class> <!-- MobileBrowserTesting.MobileBrowserTest -->
    </test> <!-- Default test -->
  </suite> <!-- Default suite -->
</testng-results>
